app/build/intermediates/manifest_merge_blame_file/debug/manifest-merger-blame-debug-report.txt
1<?xml version="1.0" encoding="utf-8"?>
2<manifest xmlns:android="http://schemas.android.com/apk/res/android"
3    package="com.example.cemilanku"
4    android:versionCode="1"
5    android:versionName="1.0" >
6
7    <uses-sdk
8        android:minSdkVersion="15"
8-->src\main\AndroidManifest.xml
9        android:targetSdkVersion="29" />
9-->src\main\AndroidManifest.xml
10
11    <uses-permission android:name="android.permission.ACCESS_FINE_LOCATION" />
11-->src\main\AndroidManifest.xml:5:5-79
11-->src\main\AndroidManifest.xml:5:22-76
12    <uses-permission android:name="android.permission.ACCESS_COARSE_LOCATION" />
12-->src\main\AndroidManifest.xml:6:5-81
12-->src\main\AndroidManifest.xml:6:22-78
13
14    <application
14-->src\main\AndroidManifest.xml:8:5-44:19
15        android:allowBackup="true"
15-->src\main\AndroidManifest.xml:9:9-35
16        android:appComponentFactory="androidx.core.app.CoreComponentFactory"
16-->[androidx.core:core:1.1.0] AndroidManifest.xml:24:18-86
17        android:debuggable="true"
18        android:icon="@mipmap/ic_launcher"
18-->src\main\AndroidManifest.xml:10:9-43
19        android:label="@string/app_name"
19-->src\main\AndroidManifest.xml:11:9-41
20        android:roundIcon="@mipmap/ic_launcher_round"
20-->src\main\AndroidManifest.xml:12:9-54
21        android:supportsRtl="true"
21-->src\main\AndroidManifest.xml:13:9-35
22        android:testOnly="true"
23        android:theme="@style/AppTheme" >
23-->src\main\AndroidManifest.xml:14:9-40
24        <activity
24-->src\main\AndroidManifest.xml:15:9-17:61
25            android:name="com.example.cemilanku.UpdateActivity"
25-->src\main\AndroidManifest.xml:16:13-43
26            android:theme="@style/AppThemeLogin" />
26-->src\main\AndroidManifest.xml:17:13-49
27        <activity
27-->src\main\AndroidManifest.xml:18:9-20:52
28            android:name="com.example.cemilanku.RegisterActivity"
28-->src\main\AndroidManifest.xml:19:13-45
29            android:theme="@style/AppThemeLogin" />
29-->src\main\AndroidManifest.xml:20:13-49
30        <activity
30-->src\main\AndroidManifest.xml:21:9-23:52
31            android:name="com.example.cemilanku.LoginActivity"
31-->src\main\AndroidManifest.xml:22:13-42
32            android:theme="@style/AppThemeLogin" />
32-->src\main\AndroidManifest.xml:23:13-49
33        <activity
33-->src\main\AndroidManifest.xml:24:9-26:52
34            android:name="com.example.cemilanku.DetailActivity"
34-->src\main\AndroidManifest.xml:25:13-43
35            android:theme="@style/AppThemeLogin" />
35-->src\main\AndroidManifest.xml:26:13-49
36        <activity
36-->src\main\AndroidManifest.xml:27:9-29:52
37            android:name="com.example.cemilanku.BayarActivity"
37-->src\main\AndroidManifest.xml:28:13-42
38            android:theme="@style/AppThemeLogin" />
38-->src\main\AndroidManifest.xml:29:13-49
39        <activity
39-->src\main\AndroidManifest.xml:30:9-32:52
40            android:name="com.example.cemilanku.CheckoutActivity"
40-->src\main\AndroidManifest.xml:31:13-45
41            android:theme="@style/AppThemeLogin" />
41-->src\main\AndroidManifest.xml:32:13-49
42        <activity android:name="com.example.cemilanku.SplashActivity" >
42-->src\main\AndroidManifest.xml:33:9-39:20
42-->src\main\AndroidManifest.xml:33:19-49
43            <intent-filter>
43-->src\main\AndroidManifest.xml:34:13-38:29
44                <action android:name="android.intent.action.MAIN" />
44-->src\main\AndroidManifest.xml:35:17-69
44-->src\main\AndroidManifest.xml:35:25-66
45
46                <category android:name="android.intent.category.LAUNCHER" />
46-->src\main\AndroidManifest.xml:37:17-77
46-->src\main\AndroidManifest.xml:37:27-74
47            </intent-filter>
48        </activity>
49        <activity
49-->src\main\AndroidManifest.xml:40:9-43:53
50            android:name="com.example.cemilanku.MainActivity"
50-->src\main\AndroidManifest.xml:41:13-41
51            android:label="@string/app_name"
51-->src\main\AndroidManifest.xml:42:13-45
52            android:theme="@style/AppThemeAction" />
52-->src\main\AndroidManifest.xml:43:13-50
53    </application>
54
55</manifest>